<?xml version="1.0" encoding="UTF-8"?>
<!-- Generated by org.testng.reporters.JUnitReportReporter -->
<testsuite skipped="0" hostname="Dastans-MBP.localdomain" name="radiocheckdropdown.CheckBoxTest" tests="2" failures="0" timestamp="17 Dec 2017 01:14:57 GMT" time="7.357" errors="0">
  <testcase name="checkBoxTest" time="3.216" classname="radiocheckdropdown.CheckBoxTest"/>
  <testcase name="changeState" time="4.141" classname="radiocheckdropdown.CheckBoxTest"/>
</testsuite> <!-- radiocheckdropdown.CheckBoxTest -->
